<?xml version="1.0" encoding="UTF-8"?>
<testsuite name="TestSimpleCalculator-20251205141902" tests="2" file=".py" time="0.001" timestamp="2025-12-05T14:19:02" failures="0" errors="1" skipped="0">
	<testcase classname="TestSimpleCalculator" name="test_subtract" time="0.000" timestamp="2025-12-05T14:19:02" file="Lab_4_Tech_Prog\test_app.py" line="19">
		<!--Перевірка операції віднімання.-->
	</testcase>
	<testcase classname="TestSimpleCalculator" name="test_add" time="0.001" timestamp="2025-12-05T14:19:02" file="Lab_4_Tech_Prog\test_app.py" line="13">
		<!--Перевірка операції додавання.-->
		<error type="TypeError" message="can only concatenate str (not &quot;int&quot;) to str"><![CDATA[Traceback (most recent call last):
  File "c:\Users\igarl\Tech-Prog-Labs\Lab_4_Tech_Prog\test_app.py", line 17, in test_add
    self.assertFalse(self.calc.add("a",-1), -1)
                     ~~~~~~~~~~~~~^^^^^^^^
  File "c:\Users\igarl\Tech-Prog-Labs\Lab_4_Tech_Prog\app.py", line 9, in add
    return a + b
           ~~^~~
TypeError: can only concatenate str (not "int") to str
]]></error>
	</testcase>
</testsuite>
