<?xml version="1.0" encoding="UTF-8"?>
<testsuite name="TestSimpleCalculator-20251212154322" tests="3" file=".py" time="0.001" timestamp="2025-12-12T15:43:22" failures="1" errors="0" skipped="0">
	<testcase classname="TestSimpleCalculator" name="test_add" time="0.000" timestamp="2025-12-12T15:43:22" file="Lab_4_Tech_Prog\test_app.py" line="13">
		<!--Перевірка операції додавання.-->
	</testcase>
	<testcase classname="TestSimpleCalculator" name="test_subtract" time="0.000" timestamp="2025-12-12T15:43:22" file="Lab_4_Tech_Prog\test_app.py" line="18">
		<!--Перевірка операції віднімання.-->
	</testcase>
	<testcase classname="TestSimpleCalculator" name="test_subtrect" time="0.001" timestamp="2025-12-12T15:43:22" file="Lab_4_Tech_Prog\test_app.py" line="22">
		<!--Перевірка операції віднімання.-->
		<failure type="AssertionError" message="5 != 6"><![CDATA[Traceback (most recent call last):
  File "c:\Users\igarl\Tech-Prog-Labs\Lab_4_Tech_Prog\test_app.py", line 24, in test_subtrect
    self.assertEqual(self.calc.subtrect(10, 5), 6)
    ~~~~~~~~~~~~~~~~^^^^^^^^^^^^^^^^^^^^^^^^^^^^^^
AssertionError: 5 != 6
]]></failure>
	</testcase>
</testsuite>
