<?xml version="1.0" encoding="UTF-8"?>
<testsuite name="TestSimpleCalculator-20251207160249" tests="2" file=".py" time="0.001" timestamp="2025-12-07T16:02:49" failures="0" errors="0" skipped="0">
	<testcase classname="TestSimpleCalculator" name="test_add" time="0.001" timestamp="2025-12-07T16:02:49" file="Lab_4_Tech_Prog\test_app.py" line="13">
		<!--Перевірка операції додавання.-->
	</testcase>
	<testcase classname="TestSimpleCalculator" name="test_subtract" time="0.000" timestamp="2025-12-07T16:02:49" file="Lab_4_Tech_Prog\test_app.py" line="18">
		<!--Перевірка операції віднімання.-->
	</testcase>
</testsuite>
